<?xml version="1.0" encoding="UTF-8"?>
<!-- Generated by org.testng.reporters.JUnitReportReporter -->
<testsuite hostname="5420-TI13599" failures="0" tests="1" name="testCases.TC002_LoginTest" time="10.537" errors="0" timestamp="2024-10-04T11:07:25 IST" skipped="0">
  <testcase classname="testCases.TC002_LoginTest" name="verify_Login" time="10.537"/>
</testsuite> <!-- testCases.TC002_LoginTest -->
